# Logfile created on 2014-08-28 20:50:50 -0400 by logger.rb/41954
I, [2014-08-28T20:50:50.281194 #12013]  INFO -- : 6:  bundler (1.5.1) from /Users/ryanfaerman/.rvm/gems/ruby-2.0.0-p353@global/specifications/bundler-1.5.1.gemspec
I, [2014-08-28T20:50:50.282229 #12007]  INFO -- : 0:  ffi (1.9.3) from /Users/ryanfaerman/.rvm/gems/ruby-2.0.0-p353/specifications/ffi-1.9.3.gemspec
I, [2014-08-28T20:50:50.282278 #12008]  INFO -- : 1:  rake (10.3.2) from /Users/ryanfaerman/.rvm/gems/ruby-2.0.0-p353/specifications/rake-10.3.2.gemspec
I, [2014-08-28T20:50:50.283384 #12011]  INFO -- : 4:  method_source (0.8.2) from /Users/ryanfaerman/.rvm/gems/ruby-2.0.0-p353/specifications/method_source-0.8.2.gemspec
I, [2014-08-28T20:50:50.283609 #12009]  INFO -- : 2:  coderay (1.1.0) from /Users/ryanfaerman/.rvm/gems/ruby-2.0.0-p353/specifications/coderay-1.1.0.gemspec
I, [2014-08-28T20:50:50.293445 #12010]  INFO -- : 3:  libusb (0.4.1) from /Users/ryanfaerman/.rvm/gems/ruby-2.0.0-p353/specifications/libusb-0.4.1.gemspec
I, [2014-08-28T20:50:50.296948 #12013]  INFO -- : 6:  cheeky (0.0.1.b455586) from /Users/ryanfaerman/Documents/repos/ryanfaerman/cheeky/cheeky.gemspec
I, [2014-08-28T20:50:51.481594 #12012]  INFO -- : 5:  slop (3.6.0) from /Users/ryanfaerman/.rvm/gems/ruby-2.0.0-p353/specifications/slop-3.6.0.gemspec
I, [2014-08-28T20:50:52.921606 #12007]  INFO -- : 0:  pry (0.10.1) from /Users/ryanfaerman/.rvm/gems/ruby-2.0.0-p353/specifications/pry-0.10.1.gemspec
I, [2014-08-28T20:51:19.782295 #12037]  INFO -- : 6:  bundler (1.5.1) from /Users/ryanfaerman/.rvm/gems/ruby-2.0.0-p353@global/specifications/bundler-1.5.1.gemspec
I, [2014-08-28T20:51:19.783931 #12035]  INFO -- : 4:  coderay (1.1.0) from /Users/ryanfaerman/.rvm/gems/ruby-2.0.0-p353/specifications/coderay-1.1.0.gemspec
I, [2014-08-28T20:51:19.784117 #12033]  INFO -- : 2:  ffi (1.9.3) from /Users/ryanfaerman/.rvm/gems/ruby-2.0.0-p353/specifications/ffi-1.9.3.gemspec
I, [2014-08-28T20:51:19.784312 #12036]  INFO -- : 5:  slop (3.6.0) from /Users/ryanfaerman/.rvm/gems/ruby-2.0.0-p353/specifications/slop-3.6.0.gemspec
I, [2014-08-28T20:51:19.784315 #12034]  INFO -- : 3:  method_source (0.8.2) from /Users/ryanfaerman/.rvm/gems/ruby-2.0.0-p353/specifications/method_source-0.8.2.gemspec
I, [2014-08-28T20:51:19.786112 #12037]  INFO -- : 6:  pry (0.10.1) from /Users/ryanfaerman/.rvm/gems/ruby-2.0.0-p353/specifications/pry-0.10.1.gemspec
I, [2014-08-28T20:51:19.786108 #12032]  INFO -- : 1:  rake (10.3.2) from /Users/ryanfaerman/.rvm/gems/ruby-2.0.0-p353/specifications/rake-10.3.2.gemspec
I, [2014-08-28T20:51:19.793066 #12031]  INFO -- : 0:  libusb (0.4.1) from /Users/ryanfaerman/.rvm/gems/ruby-2.0.0-p353/specifications/libusb-0.4.1.gemspec
I, [2014-08-28T20:51:19.858350 #12035]  INFO -- : 4:  cheeky (0.0.1.b455586) from /Users/ryanfaerman/Documents/repos/ryanfaerman/cheeky/cheeky.gemspec
I, [2014-08-28T21:39:40.156132 #12463]  INFO -- : 4:  slop (3.6.0) from /Users/ryanfaerman/.rvm/gems/ruby-2.0.0-p353/specifications/slop-3.6.0.gemspec
I, [2014-08-28T21:39:40.157499 #12459]  INFO -- : 0:  ffi (1.9.3) from /Users/ryanfaerman/.rvm/gems/ruby-2.0.0-p353/specifications/ffi-1.9.3.gemspec
I, [2014-08-28T21:39:40.158047 #12461]  INFO -- : 2:  bundler (1.5.1) from /Users/ryanfaerman/.rvm/gems/ruby-2.0.0-p353@global/specifications/bundler-1.5.1.gemspec
I, [2014-08-28T21:39:40.158357 #12464]  INFO -- : 5:  coderay (1.1.0) from /Users/ryanfaerman/.rvm/gems/ruby-2.0.0-p353/specifications/coderay-1.1.0.gemspec
I, [2014-08-28T21:39:40.158517 #12460]  INFO -- : 1:  rake (10.3.2) from /Users/ryanfaerman/.rvm/gems/ruby-2.0.0-p353/specifications/rake-10.3.2.gemspec
I, [2014-08-28T21:39:40.161559 #12465]  INFO -- : 6:  method_source (0.8.2) from /Users/ryanfaerman/.rvm/gems/ruby-2.0.0-p353/specifications/method_source-0.8.2.gemspec
I, [2014-08-28T21:39:40.162575 #12461]  INFO -- : 2:  libusb (0.4.1) from /Users/ryanfaerman/.rvm/gems/ruby-2.0.0-p353/specifications/libusb-0.4.1.gemspec
I, [2014-08-28T21:39:40.163369 #12463]  INFO -- : 4:  pry (0.10.1) from /Users/ryanfaerman/.rvm/gems/ruby-2.0.0-p353/specifications/pry-0.10.1.gemspec
I, [2014-08-28T21:39:41.205727 #12462]  INFO -- : 3:  equalizer (0.0.9) from /Users/ryanfaerman/.rvm/gems/ruby-2.0.0-p353/specifications/equalizer-0.0.9.gemspec
I, [2014-08-28T21:39:41.229714 #12459]  INFO -- : 0:  cheeky (0.0.1.b455586) from /Users/ryanfaerman/Documents/repos/ryanfaerman/cheeky/cheeky.gemspec
I, [2014-08-28T22:34:36.604721 #12872]  INFO -- : 1:  diff-lcs (1.2.5) from /Users/ryanfaerman/.rvm/gems/ruby-2.0.0-p353/specifications/diff-lcs-1.2.5.gemspec
I, [2014-08-28T22:34:36.604721 #12874]  INFO -- : 3:  timers (1.1.0) from /Users/ryanfaerman/.rvm/gems/ruby-2.0.0-p353/specifications/timers-1.1.0.gemspec
I, [2014-08-28T22:34:36.605124 #12877]  INFO -- : 6:  coderay (1.1.0) from /Users/ryanfaerman/.rvm/gems/ruby-2.0.0-p353/specifications/coderay-1.1.0.gemspec
I, [2014-08-28T22:34:36.605264 #12871]  INFO -- : 0:  rake (10.3.2) from /Users/ryanfaerman/.rvm/gems/ruby-2.0.0-p353/specifications/rake-10.3.2.gemspec
I, [2014-08-28T22:34:36.604983 #12876]  INFO -- : 5:  equalizer (0.0.9) from /Users/ryanfaerman/.rvm/gems/ruby-2.0.0-p353/specifications/equalizer-0.0.9.gemspec
I, [2014-08-28T22:34:36.605604 #12875]  INFO -- : 4:  ffi (1.9.3) from /Users/ryanfaerman/.rvm/gems/ruby-2.0.0-p353/specifications/ffi-1.9.3.gemspec
I, [2014-08-28T22:34:36.609551 #12875]  INFO -- : 4:  formatador (0.2.5) from /Users/ryanfaerman/.rvm/gems/ruby-2.0.0-p353/specifications/formatador-0.2.5.gemspec
I, [2014-08-28T22:34:36.609840 #12872]  INFO -- : 1:  rb-fsevent (0.9.4) from /Users/ryanfaerman/.rvm/gems/ruby-2.0.0-p353/specifications/rb-fsevent-0.9.4.gemspec
I, [2014-08-28T22:34:36.609939 #12871]  INFO -- : 0:  method_source (0.8.2) from /Users/ryanfaerman/.rvm/gems/ruby-2.0.0-p353/specifications/method_source-0.8.2.gemspec
I, [2014-08-28T22:34:36.609939 #12876]  INFO -- : 5:  lumberjack (1.0.9) from /Users/ryanfaerman/.rvm/gems/ruby-2.0.0-p353/specifications/lumberjack-1.0.9.gemspec
I, [2014-08-28T22:34:36.610299 #12877]  INFO -- : 6:  slop (3.6.0) from /Users/ryanfaerman/.rvm/gems/ruby-2.0.0-p353/specifications/slop-3.6.0.gemspec
I, [2014-08-28T22:34:36.610411 #12874]  INFO -- : 3:  thor (0.19.1) from /Users/ryanfaerman/.rvm/gems/ruby-2.0.0-p353/specifications/thor-0.19.1.gemspec
I, [2014-08-28T22:34:36.611005 #12876]  INFO -- : 5:  terminal-notifier-guard (1.5.3) from /Users/ryanfaerman/.rvm/gems/ruby-2.0.0-p353/specifications/terminal-notifier-guard-1.5.3.gemspec
I, [2014-08-28T22:34:36.611103 #12871]  INFO -- : 0:  libusb (0.4.1) from /Users/ryanfaerman/.rvm/gems/ruby-2.0.0-p353/specifications/libusb-0.4.1.gemspec
I, [2014-08-28T22:34:36.611164 #12872]  INFO -- : 1:  rspec-support (3.0.3) from /Users/ryanfaerman/.rvm/gems/ruby-2.0.0-p353/specifications/rspec-support-3.0.3.gemspec
I, [2014-08-28T22:34:36.611184 #12875]  INFO -- : 4:  rb-inotify (0.9.5) from /Users/ryanfaerman/.rvm/gems/ruby-2.0.0-p353/specifications/rb-inotify-0.9.5.gemspec
I, [2014-08-28T22:34:36.611576 #12873]  INFO -- : 2:  bundler (1.5.1) from /Users/ryanfaerman/.rvm/gems/ruby-2.0.0-p353@global/specifications/bundler-1.5.1.gemspec
I, [2014-08-28T22:34:36.611739 #12877]  INFO -- : 6:  rb-fchange (0.0.6) from /Users/ryanfaerman/.rvm/gems/ruby-2.0.0-p353/specifications/rb-fchange-0.0.6.gemspec
I, [2014-08-28T22:34:36.612071 #12875]  INFO -- : 4:  pry (0.10.1) from /Users/ryanfaerman/.rvm/gems/ruby-2.0.0-p353/specifications/pry-0.10.1.gemspec
I, [2014-08-28T22:34:36.612039 #12874]  INFO -- : 3:  celluloid (0.15.2) from /Users/ryanfaerman/.rvm/gems/ruby-2.0.0-p353/specifications/celluloid-0.15.2.gemspec
I, [2014-08-28T22:34:36.613126 #12871]  INFO -- : 0:  rspec-core (3.0.3) from /Users/ryanfaerman/.rvm/gems/ruby-2.0.0-p353/specifications/rspec-core-3.0.3.gemspec
I, [2014-08-28T22:34:36.613386 #12876]  INFO -- : 5:  rspec-expectations (3.0.3) from /Users/ryanfaerman/.rvm/gems/ruby-2.0.0-p353/specifications/rspec-expectations-3.0.3.gemspec
I, [2014-08-28T22:34:36.613768 #12874]  INFO -- : 3:  rspec-mocks (3.0.3) from /Users/ryanfaerman/.rvm/gems/ruby-2.0.0-p353/specifications/rspec-mocks-3.0.3.gemspec
I, [2014-08-28T22:34:36.613968 #12873]  INFO -- : 2:  listen (2.7.9) from /Users/ryanfaerman/.rvm/gems/ruby-2.0.0-p353/specifications/listen-2.7.9.gemspec
I, [2014-08-28T22:34:36.614600 #12875]  INFO -- : 4:  rspec (3.0.0) from /Users/ryanfaerman/.rvm/gems/ruby-2.0.0-p353/specifications/rspec-3.0.0.gemspec
I, [2014-08-28T22:34:36.614973 #12877]  INFO -- : 6:  guard (2.6.1) from /Users/ryanfaerman/.rvm/gems/ruby-2.0.0-p353/specifications/guard-2.6.1.gemspec
I, [2014-08-28T22:34:36.615946 #12876]  INFO -- : 5:  guard-bundler (2.0.0) from /Users/ryanfaerman/.rvm/gems/ruby-2.0.0-p353/specifications/guard-bundler-2.0.0.gemspec
I, [2014-08-28T22:34:36.616007 #12871]  INFO -- : 0:  guard-rspec (4.2.10) from /Users/ryanfaerman/.rvm/gems/ruby-2.0.0-p353/specifications/guard-rspec-4.2.10.gemspec
I, [2014-08-28T22:34:36.654841 #12872]  INFO -- : 1:  cheeky (0.0.1.b455586) from /Users/ryanfaerman/Documents/repos/ryanfaerman/cheeky/cheeky.gemspec
I, [2014-08-28T22:35:30.731231 #12938]  INFO -- : 4:  equalizer (0.0.9) from /Users/ryanfaerman/.rvm/gems/ruby-2.0.0-p353/specifications/equalizer-0.0.9.gemspec
I, [2014-08-28T22:35:30.731370 #12934]  INFO -- : 0:  timers (1.1.0) from /Users/ryanfaerman/.rvm/gems/ruby-2.0.0-p353/specifications/timers-1.1.0.gemspec
I, [2014-08-28T22:35:30.731940 #12939]  INFO -- : 5:  coderay (1.1.0) from /Users/ryanfaerman/.rvm/gems/ruby-2.0.0-p353/specifications/coderay-1.1.0.gemspec
I, [2014-08-28T22:35:30.732110 #12940]  INFO -- : 6:  ffi (1.9.3) from /Users/ryanfaerman/.rvm/gems/ruby-2.0.0-p353/specifications/ffi-1.9.3.gemspec
I, [2014-08-28T22:35:30.732245 #12935]  INFO -- : 1:  rake (10.3.2) from /Users/ryanfaerman/.rvm/gems/ruby-2.0.0-p353/specifications/rake-10.3.2.gemspec
I, [2014-08-28T22:35:30.732433 #12937]  INFO -- : 3:  bundler (1.5.1) from /Users/ryanfaerman/.rvm/gems/ruby-2.0.0-p353@global/specifications/bundler-1.5.1.gemspec
I, [2014-08-28T22:35:30.734202 #12938]  INFO -- : 4:  formatador (0.2.5) from /Users/ryanfaerman/.rvm/gems/ruby-2.0.0-p353/specifications/formatador-0.2.5.gemspec
I, [2014-08-28T22:35:30.734844 #12934]  INFO -- : 0:  rb-fsevent (0.9.4) from /Users/ryanfaerman/.rvm/gems/ruby-2.0.0-p353/specifications/rb-fsevent-0.9.4.gemspec
I, [2014-08-28T22:35:30.735488 #12940]  INFO -- : 6:  lumberjack (1.0.9) from /Users/ryanfaerman/.rvm/gems/ruby-2.0.0-p353/specifications/lumberjack-1.0.9.gemspec
I, [2014-08-28T22:35:30.735522 #12936]  INFO -- : 2:  diff-lcs (1.2.5) from /Users/ryanfaerman/.rvm/gems/ruby-2.0.0-p353/specifications/diff-lcs-1.2.5.gemspec
I, [2014-08-28T22:35:30.735828 #12938]  INFO -- : 4:  method_source (0.8.2) from /Users/ryanfaerman/.rvm/gems/ruby-2.0.0-p353/specifications/method_source-0.8.2.gemspec
I, [2014-08-28T22:35:30.736481 #12939]  INFO -- : 5:  slop (3.6.0) from /Users/ryanfaerman/.rvm/gems/ruby-2.0.0-p353/specifications/slop-3.6.0.gemspec
I, [2014-08-28T22:35:30.736556 #12934]  INFO -- : 0:  rspec-support (3.0.3) from /Users/ryanfaerman/.rvm/gems/ruby-2.0.0-p353/specifications/rspec-support-3.0.3.gemspec
I, [2014-08-28T22:35:30.736627 #12935]  INFO -- : 1:  thor (0.19.1) from /Users/ryanfaerman/.rvm/gems/ruby-2.0.0-p353/specifications/thor-0.19.1.gemspec
I, [2014-08-28T22:35:30.737244 #12940]  INFO -- : 6:  terminal-notifier-guard (1.5.3) from /Users/ryanfaerman/.rvm/gems/ruby-2.0.0-p353/specifications/terminal-notifier-guard-1.5.3.gemspec
I, [2014-08-28T22:35:30.737475 #12938]  INFO -- : 4:  celluloid (0.15.2) from /Users/ryanfaerman/.rvm/gems/ruby-2.0.0-p353/specifications/celluloid-0.15.2.gemspec
I, [2014-08-28T22:35:30.737786 #12937]  INFO -- : 3:  libusb (0.4.1) from /Users/ryanfaerman/.rvm/gems/ruby-2.0.0-p353/specifications/libusb-0.4.1.gemspec
I, [2014-08-28T22:35:30.738576 #12939]  INFO -- : 5:  rb-inotify (0.9.5) from /Users/ryanfaerman/.rvm/gems/ruby-2.0.0-p353/specifications/rb-inotify-0.9.5.gemspec
I, [2014-08-28T22:35:30.738579 #12934]  INFO -- : 0:  rb-fchange (0.0.6) from /Users/ryanfaerman/.rvm/gems/ruby-2.0.0-p353/specifications/rb-fchange-0.0.6.gemspec
I, [2014-08-28T22:35:30.739365 #12938]  INFO -- : 4:  pry (0.10.1) from /Users/ryanfaerman/.rvm/gems/ruby-2.0.0-p353/specifications/pry-0.10.1.gemspec
I, [2014-08-28T22:35:30.739761 #12937]  INFO -- : 3:  rspec-core (3.0.3) from /Users/ryanfaerman/.rvm/gems/ruby-2.0.0-p353/specifications/rspec-core-3.0.3.gemspec
I, [2014-08-28T22:35:30.740009 #12935]  INFO -- : 1:  rspec-mocks (3.0.3) from /Users/ryanfaerman/.rvm/gems/ruby-2.0.0-p353/specifications/rspec-mocks-3.0.3.gemspec
I, [2014-08-28T22:35:30.741486 #12936]  INFO -- : 2:  rspec-expectations (3.0.3) from /Users/ryanfaerman/.rvm/gems/ruby-2.0.0-p353/specifications/rspec-expectations-3.0.3.gemspec
I, [2014-08-28T22:35:30.741473 #12939]  INFO -- : 5:  listen (2.7.9) from /Users/ryanfaerman/.rvm/gems/ruby-2.0.0-p353/specifications/listen-2.7.9.gemspec
I, [2014-08-28T22:35:30.743122 #12937]  INFO -- : 3:  rspec (3.0.0) from /Users/ryanfaerman/.rvm/gems/ruby-2.0.0-p353/specifications/rspec-3.0.0.gemspec
I, [2014-08-28T22:35:30.744011 #12935]  INFO -- : 1:  guard (2.6.1) from /Users/ryanfaerman/.rvm/gems/ruby-2.0.0-p353/specifications/guard-2.6.1.gemspec
I, [2014-08-28T22:35:30.746000 #12936]  INFO -- : 2:  guard-bundler (2.0.0) from /Users/ryanfaerman/.rvm/gems/ruby-2.0.0-p353/specifications/guard-bundler-2.0.0.gemspec
I, [2014-08-28T22:35:30.746158 #12940]  INFO -- : 6:  guard-rspec (4.2.10) from /Users/ryanfaerman/.rvm/gems/ruby-2.0.0-p353/specifications/guard-rspec-4.2.10.gemspec
I, [2014-08-28T22:35:30.761585 #12934]  INFO -- : 0:  cheeky (0.0.1.b455586) from /Users/ryanfaerman/Documents/repos/ryanfaerman/cheeky/cheeky.gemspec
